<?xml version="1.0" encoding="UTF-8"?>
<!-- Generated by org.testng.reporters.JUnitXMLReporter -->
<testsuite hostname="DESKTOP-VV0I5IH" ignored="0" name="Attendance" tests="3" failures="0" timestamp="2020-06-12T13:11:52 IST" time="87.822" errors="0">
  <testcase name="clickDepartment" time="20.188" classname="com.abstech.tranzack.AttendancePage"/>
  <testcase name="clkClander" time="27.718" classname="com.abstech.tranzack.AttendancePage"/>
  <testcase name="clkCopy" time="7.642" classname="com.abstech.tranzack.AttendancePage"/>
</testsuite> <!-- Attendance -->
