<?xml version="1.0" encoding="UTF-8"?>
<!-- Generated by org.testng.reporters.JUnitXMLReporter -->
<testsuite hostname="DESKTOP-VV0I5IH" ignored="0" name="Department" tests="19" failures="2" timestamp="2020-06-12T17:56:02 IST" time="195.101" errors="0">
  <testcase name="clickDepartment" time="36.698" classname="com.abstech.tranzack.DepartmentPage"/>
  <testcase name="departmentvalidation" time="13.896" classname="com.abstech.tranzack.DepartmentPage"/>
  <testcase name="departmentNameValidatio" time="14.091" classname="com.abstech.tranzack.DepartmentPage"/>
  <testcase name="departmentHeadValidatio" time="10.373" classname="com.abstech.tranzack.DepartmentPage"/>
  <testcase name="newAddDepartment" time="5.398" classname="com.abstech.tranzack.DepartmentPage"/>
  <testcase name="DownloadExcel" time="5.196" classname="com.abstech.tranzack.DepartmentPage"/>
  <testcase name="DownloadCSV" time="6.659" classname="com.abstech.tranzack.DepartmentPage"/>
  <testcase name="DownloadPDF" time="5.472" classname="com.abstech.tranzack.DepartmentPage"/>
  <testcase name="copy" time="6.116" classname="com.abstech.tranzack.DepartmentPage"/>
  <testcase name="clkButton" time="5.137" classname="com.abstech.tranzack.DepartmentPage"/>
  <testcase name="clkTenRowButton" time="7.103" classname="com.abstech.tranzack.DepartmentPage"/>
  <testcase name="clkNextButton" time="7.959" classname="com.abstech.tranzack.DepartmentPage"/>
  <testcase name="clkTwentyFiveRowButton" time="5.298" classname="com.abstech.tranzack.DepartmentPage"/>
  <testcase name="clkFiftyRowButton" time="5.22" classname="com.abstech.tranzack.DepartmentPage"/>
  <testcase name="clkHideButton" time="8.681" classname="com.abstech.tranzack.DepartmentPage"/>
  <testcase name="clkEditButton" time="10.28" classname="com.abstech.tranzack.DepartmentPage"/>
  <testcase name="clkDeleteButton" time="5.047" classname="com.abstech.tranzack.DepartmentPage">
    <failure type="org.openqa.selenium.NoSuchElementException" message="no such element: Unable to locate element: {&amp;quot;method&amp;quot;:&amp;quot;xpath&amp;quot;,&amp;quot;selector&amp;quot;:&amp;quot;//tr[32]//td[4]//button[3]&amp;quot;}
  (Session info: chrome=83.0.4103.97)
For documentation on this error, please visit: https://www.seleniumhq.org/exceptions/no_such_element.html
Build info: version: &amp;apos;3.141.59&amp;apos;, revision: &amp;apos;e82be7d358&amp;apos;, time: &amp;apos;2018-11-14T08:17:03&amp;apos;
System info: host: &amp;apos;DESKTOP-VV0I5IH&amp;apos;, ip: &amp;apos;192.168.0.108&amp;apos;, os.name: &amp;apos;Windows 10&amp;apos;, os.arch: &amp;apos;amd64&amp;apos;, os.version: &amp;apos;10.0&amp;apos;, java.version: &amp;apos;1.8.0_251&amp;apos;
Driver info: org.openqa.selenium.chrome.ChromeDriver
Capabilities {acceptInsecureCerts: false, browserName: chrome, browserVersion: 83.0.4103.97, chrome: {chromedriverVersion: 83.0.4103.39 (ccbf011cb2d2b..., userDataDir: C:\Users\abs\AppData\Local\...}, goog:chromeOptions: {debuggerAddress: localhost:49254}, javascriptEnabled: true, networkConnectionEnabled: false, pageLoadStrategy: normal, platform: WINDOWS, platformName: WINDOWS, proxy: Proxy(), setWindowRect: true, strictFileInteractability: false, timeouts: {implicit: 0, pageLoad: 300000, script: 30000}, unhandledPromptBehavior: dismiss and notify, webauthn:virtualAuthenticators: true}
Session ID: 36abd4e239651f55ccc4a4ff931e8245
*** Element info: {Using=xpath, value=//tr[32]//td[4]//button[3]}">
      <![CDATA[org.openqa.selenium.NoSuchElementException: no such element: Unable to locate element: {"method":"xpath","selector":"//tr[32]//td[4]//button[3]"}
  (Session info: chrome=83.0.4103.97)
For documentation on this error, please visit: https://www.seleniumhq.org/exceptions/no_such_element.html
Build info: version: '3.141.59', revision: 'e82be7d358', time: '2018-11-14T08:17:03'
System info: host: 'DESKTOP-VV0I5IH', ip: '192.168.0.108', os.name: 'Windows 10', os.arch: 'amd64', os.version: '10.0', java.version: '1.8.0_251'
Driver info: org.openqa.selenium.chrome.ChromeDriver
Capabilities {acceptInsecureCerts: false, browserName: chrome, browserVersion: 83.0.4103.97, chrome: {chromedriverVersion: 83.0.4103.39 (ccbf011cb2d2b..., userDataDir: C:\Users\abs\AppData\Local\...}, goog:chromeOptions: {debuggerAddress: localhost:49254}, javascriptEnabled: true, networkConnectionEnabled: false, pageLoadStrategy: normal, platform: WINDOWS, platformName: WINDOWS, proxy: Proxy(), setWindowRect: true, strictFileInteractability: false, timeouts: {implicit: 0, pageLoad: 300000, script: 30000}, unhandledPromptBehavior: dismiss and notify, webauthn:virtualAuthenticators: true}
Session ID: 36abd4e239651f55ccc4a4ff931e8245
*** Element info: {Using=xpath, value=//tr[32]//td[4]//button[3]}
at org.openqa.selenium.remote.http.W3CHttpResponseCodec.createException(W3CHttpResponseCodec.java:187)
at org.openqa.selenium.remote.http.W3CHttpResponseCodec.decode(W3CHttpResponseCodec.java:122)
at org.openqa.selenium.remote.http.W3CHttpResponseCodec.decode(W3CHttpResponseCodec.java:49)
at org.openqa.selenium.remote.HttpCommandExecutor.execute(HttpCommandExecutor.java:158)
at org.openqa.selenium.remote.service.DriverCommandExecutor.execute(DriverCommandExecutor.java:83)
at org.openqa.selenium.remote.RemoteWebDriver.execute(RemoteWebDriver.java:552)
at org.openqa.selenium.remote.RemoteWebDriver.findElement(RemoteWebDriver.java:323)
at org.openqa.selenium.remote.RemoteWebDriver.findElementByXPath(RemoteWebDriver.java:428)
at org.openqa.selenium.By$ByXPath.findElement(By.java:353)
at org.openqa.selenium.remote.RemoteWebDriver.findElement(RemoteWebDriver.java:315)
at PageObject.Department.getDeleteButton(Department.java:132)
at com.abstech.tranzack.DepartmentPage.clkDeleteButton(DepartmentPage.java:241)
at java.util.ArrayList.forEach(Unknown Source)
... Removed 31 stack frames]]>
    </failure>
  </testcase> <!-- clkDeleteButton -->
  <testcase name="clkSearchElement" time="0.878" classname="com.abstech.tranzack.DepartmentPage">
    <failure type="java.lang.IndexOutOfBoundsException" message="Index: 10, Size: 10">
      <![CDATA[java.lang.IndexOutOfBoundsException: Index: 10, Size: 10
at java.util.ArrayList.rangeCheck(Unknown Source)
at java.util.ArrayList.get(Unknown Source)
at com.abstech.tranzack.DepartmentPage.clkSearchElement(DepartmentPage.java:257)
at java.util.ArrayList.forEach(Unknown Source)
... Removed 27 stack frames]]>
    </failure>
  </testcase> <!-- clkSearchElement -->
  <testcase name="clkSearch" time="5.399" classname="com.abstech.tranzack.DepartmentPage"/>
</testsuite> <!-- Department -->
