<?xml version="1.0" encoding="UTF-8"?>
<!-- Generated by org.testng.reporters.JUnitXMLReporter -->
<testsuite hostname="DESKTOP-VV0I5IH" ignored="0" name="login" tests="18" failures="0" timestamp="2020-05-30T14:57:14 IST" time="119.55" errors="0">
  <testcase name="movemaster" time="5.1" classname="com.abstech.tranzack.DashboardPage"/>
  <testcase name="moveReport" time="5.055" classname="com.abstech.tranzack.DashboardPage"/>
  <testcase name="moveHSD" time="5.577" classname="com.abstech.tranzack.DashboardPage"/>
  <testcase name="moveHR" time="5.069" classname="com.abstech.tranzack.DashboardPage"/>
  <testcase name="moveTyre" time="5.524" classname="com.abstech.tranzack.DashboardPage"/>
  <testcase name="moveApproval" time="5.557" classname="com.abstech.tranzack.DashboardPage"/>
  <testcase name="moveStoreAndPur" time="5.059" classname="com.abstech.tranzack.DashboardPage"/>
  <testcase name="moveFinance" time="5.566" classname="com.abstech.tranzack.DashboardPage"/>
  <testcase name="clickmenu" time="6.029" classname="com.abstech.tranzack.DashboardPage"/>
  <testcase name="clickMaster" time="5.125" classname="com.abstech.tranzack.DashboardPage"/>
  <testcase name="clickReports" time="5.554" classname="com.abstech.tranzack.DashboardPage"/>
  <testcase name="clickhsd" time="5.101" classname="com.abstech.tranzack.DashboardPage"/>
  <testcase name="clickHR" time="5.095" classname="com.abstech.tranzack.DashboardPage"/>
  <testcase name="clickTyre" time="5.828" classname="com.abstech.tranzack.DashboardPage"/>
  <testcase name="clickApproval" time="6.003" classname="com.abstech.tranzack.DashboardPage"/>
  <testcase name="clickStore" time="5.097" classname="com.abstech.tranzack.DashboardPage"/>
  <testcase name="clickFinance" time="5.957" classname="com.abstech.tranzack.DashboardPage"/>
  <testcase name="clickmenuAgain" time="3.66" classname="com.abstech.tranzack.DashboardPage"/>
</testsuite> <!-- login -->
