<?xml version="1.0" encoding="UTF-8"?>
<!-- Generated by org.testng.reporters.JUnitXMLReporter -->
<testsuite hostname="DESKTOP-VV0I5IH" ignored="0" name="login" tests="18" failures="0" timestamp="2020-06-12T13:07:11 IST" time="119.429" errors="0">
  <testcase name="movemaster" time="5.176" classname="com.abstech.tranzack.DashboardPage"/>
  <testcase name="moveReport" time="5.154" classname="com.abstech.tranzack.DashboardPage"/>
  <testcase name="moveHSD" time="5.566" classname="com.abstech.tranzack.DashboardPage"/>
  <testcase name="moveHR" time="5.324" classname="com.abstech.tranzack.DashboardPage"/>
  <testcase name="moveTyre" time="5.154" classname="com.abstech.tranzack.DashboardPage"/>
  <testcase name="moveApproval" time="5.744" classname="com.abstech.tranzack.DashboardPage"/>
  <testcase name="moveStoreAndPur" time="5.152" classname="com.abstech.tranzack.DashboardPage"/>
  <testcase name="moveFinance" time="5.432" classname="com.abstech.tranzack.DashboardPage"/>
  <testcase name="clickmenu" time="5.311" classname="com.abstech.tranzack.DashboardPage"/>
  <testcase name="clickMaster" time="5.188" classname="com.abstech.tranzack.DashboardPage"/>
  <testcase name="clickReports" time="5.896" classname="com.abstech.tranzack.DashboardPage"/>
  <testcase name="clickhsd" time="5.192" classname="com.abstech.tranzack.DashboardPage"/>
  <testcase name="clickHR" time="5.775" classname="com.abstech.tranzack.DashboardPage"/>
  <testcase name="clickTyre" time="5.82" classname="com.abstech.tranzack.DashboardPage"/>
  <testcase name="clickApproval" time="5.202" classname="com.abstech.tranzack.DashboardPage"/>
  <testcase name="clickStore" time="5.188" classname="com.abstech.tranzack.DashboardPage"/>
  <testcase name="clickFinance" time="5.445" classname="com.abstech.tranzack.DashboardPage"/>
  <testcase name="clickmenuAgain" time="3.307" classname="com.abstech.tranzack.DashboardPage"/>
</testsuite> <!-- login -->
