<?xml version="1.0" encoding="UTF-8"?>
<testng-results skipped="0" failed="0" ignored="0" total="1" passed="1">
  <reporter-output>
  </reporter-output>
  <suite name="Default suite" duration-ms="11053" started-at="2020-06-15T11:06:55 IST" finished-at="2020-06-15T11:07:06 IST">
    <groups>
    </groups>
    <test name="Default test" duration-ms="11053" started-at="2020-06-15T11:06:55 IST" finished-at="2020-06-15T11:07:06 IST">
      <class name="com.abstech.tranzack.HomePage">
        <test-method status="PASS" signature="initialize()[pri:0, instance:com.abstech.tranzack.HomePage@3af9c5b7]" name="initialize" is-config="true" duration-ms="6472" started-at="2020-06-15T11:06:55 IST" finished-at="2020-06-15T11:07:01 IST">
          <reporter-output>
          </reporter-output>
        </test-method> <!-- initialize -->
        <test-method status="PASS" signature="homepageNav()[pri:0, instance:com.abstech.tranzack.HomePage@3af9c5b7]" name="homepageNav" duration-ms="3173" started-at="2020-06-15T11:07:01 IST" finished-at="2020-06-15T11:07:05 IST">
          <reporter-output>
          </reporter-output>
        </test-method> <!-- homepageNav -->
        <test-method status="PASS" signature="teardown()[pri:0, instance:com.abstech.tranzack.HomePage@3af9c5b7]" name="teardown" is-config="true" duration-ms="1358" started-at="2020-06-15T11:07:05 IST" finished-at="2020-06-15T11:07:06 IST">
          <reporter-output>
          </reporter-output>
        </test-method> <!-- teardown -->
      </class> <!-- com.abstech.tranzack.HomePage -->
    </test> <!-- Default test -->
  </suite> <!-- Default suite -->
</testng-results>
